SF:lib/core/error/exception.dart
DA:4,1
DA:10,0
DA:16,1
DA:22,1
LF:4
LH:3
end_of_record
SF:lib/features/profile/data/datasources/remote_datasource.dart
DA:14,1
DA:16,1
DA:18,2
DA:19,2
DA:21,2
DA:22,2
DA:23,1
DA:24,1
DA:25,1
DA:26,2
DA:33,1
DA:35,2
DA:36,2
DA:38,2
DA:39,2
DA:40,1
DA:41,1
DA:42,2
LF:18
LH:18
end_of_record
SF:lib/features/profile/data/models/profile_model.dart
DA:8,1
DA:14,2
DA:17,1
DA:18,1
DA:19,1
DA:20,1
DA:21,1
DA:22,1
DA:23,1
DA:27,0
DA:28,0
DA:29,0
DA:30,0
DA:31,0
DA:32,0
DA:33,0
DA:38,1
DA:39,1
DA:41,3
DA:42,1
LF:20
LH:13
end_of_record
SF:lib/features/profile/domain/entities/profile.dart
DA:9,1
DA:15,1
DA:16,5
LF:3
LH:3
end_of_record
